\BOOKMARK [0][-]{chapter.1}{\376\377\000E\000r\000s\000t\000e\000\040\000S\000c\000h\000r\000i\000t\000t\000e}{}% 1
\BOOKMARK [1][-]{section.1.1}{\376\377\000A\000n\000m\000e\000l\000d\000u\000n\000g}{chapter.1}% 2
\BOOKMARK [1][-]{section.1.2}{\376\377\000K\000o\000n\000t\000o\000\374\000b\000e\000r\000s\000i\000c\000h\000t}{chapter.1}% 3
\BOOKMARK [1][-]{section.1.3}{\376\377\000P\000r\000o\000d\000u\000k\000t\000d\000a\000t\000e\000n\000\040\000h\000i\000n\000z\000u\000f\000\374\000g\000e\000n}{chapter.1}% 4
\BOOKMARK [1][-]{section.1.4}{\376\377\000B\000a\000c\000k\000e\000n\000d\000\040\000S\000e\000r\000v\000e\000r\000\040\000i\000n\000s\000t\000a\000l\000l\000i\000e\000r\000e\000n}{chapter.1}% 5
\BOOKMARK [1][-]{section.1.5}{\376\377\000S\000h\000o\000p\000\040\000v\000e\000r\000b\000i\000n\000d\000e\000n}{chapter.1}% 6
\BOOKMARK [1][-]{section.1.6}{\376\377\000B\000e\000s\000t\000e\000l\000l\000u\000n\000g\000e\000n\000\040\000v\000e\000r\000a\000r\000b\000e\000i\000t\000e\000n}{chapter.1}% 7
\BOOKMARK [0][-]{chapter.2}{\376\377\000T\000o\000o\000l\000s}{}% 8
\BOOKMARK [1][-]{section.2.1}{\376\377\000B\000a\000c\000k\000e\000n\000d\000\040\000S\000e\000r\000v\000e\000r}{chapter.2}% 9
\BOOKMARK [1][-]{section.2.2}{\376\377\000E\000P\000S\000\040\000T\000o\000o\000l}{chapter.2}% 10
\BOOKMARK [0][-]{chapter.3}{\376\377\000P\000r\000e\000i\000s\000m\000o\000d\000e\000l\000l}{}% 11
\BOOKMARK [1][-]{section.3.1}{\376\377\000G\000e\000b\000\374\000h\000r\000e\000n}{chapter.3}% 12
\BOOKMARK [0][-]{chapter.4}{\376\377\000H\000B\000E\000\040\000-\000\040\000H\000\344\000n\000d\000l\000e\000r\000\040\000B\000a\000c\000k\000e\000n\000d}{}% 13
\BOOKMARK [1][-]{section.4.1}{\376\377\000L\000o\000g\000i\000n}{chapter.4}% 14
\BOOKMARK [1][-]{section.4.2}{\376\377\000\334\000b\000e\000r\000s\000i\000c\000h\000t}{chapter.4}% 15
\BOOKMARK [1][-]{section.4.3}{\376\377\000E\000r\000s\000t\000e\000i\000n\000r\000i\000c\000h\000t\000u\000n\000g}{chapter.4}% 16
\BOOKMARK [1][-]{section.4.4}{\376\377\000D\000r\000u\000c\000k\000a\000r\000t\000e\000n}{chapter.4}% 17
\BOOKMARK [1][-]{section.4.5}{\376\377\000S\000t\000e\000u\000e\000r\000s\000\344\000t\000z\000e}{chapter.4}% 18
\BOOKMARK [1][-]{section.4.6}{\376\377\000P\000r\000o\000d\000u\000k\000t\000e}{chapter.4}% 19
\BOOKMARK [1][-]{section.4.7}{\376\377\000M\000o\000t\000i\000v\000e}{chapter.4}% 20
\BOOKMARK [0][-]{chapter.5}{\376\377\000W\000e\000i\000t\000e\000r\000f\000\374\000h\000r\000e\000n\000d\000e\000\040\000L\000i\000n\000k\000s}{}% 21
